<?xml version="1.0" encoding="UTF-8"?>
<!-- Generated by org.testng.reporters.JUnitXMLReporter -->
<testsuite ignored="0" hostname="SW00CJ02" failures="0" tests="4" name="Default test" time="40.01" errors="0" timestamp="2024-09-15T11:51:42 IST">
  <testcase classname="testCases.TC003Login_DDT_Test" name="verify_loginDDT" time="1.029"/>
  <testcase classname="testCases.TC003Login_DDT_Test" name="verify_loginDDT" time="10.712"/>
  <testcase classname="testCases.TC003Login_DDT_Test" name="verify_loginDDT" time="11.813"/>
  <testcase classname="testCases.TC003Login_DDT_Test" name="verify_loginDDT" time="11.279"/>
</testsuite> <!-- Default test -->
